2025-04-03 10:08:31 [RabbitMQService] ERROR: Failed to connect to RabbitMQ: getaddrinfo ENOTFOUND rabbitmq 
2025-04-03 10:08:31 [RabbitMQService] ERROR: Failed to connect to RabbitMQ: getaddrinfo ENOTFOUND rabbitmq 
2025-04-03 10:08:31 [RabbitMQService] ERROR: Failed to connect to RabbitMQ: getaddrinfo ENOTFOUND rabbitmq 
2025-04-03 10:08:31 [RabbitMQService] ERROR: Failed to connect to RabbitMQ: getaddrinfo ENOTFOUND rabbitmq 
2025-04-03 10:08:31 [RabbitMQService] ERROR: Failed to connect to RabbitMQ: getaddrinfo ENOTFOUND rabbitmq 
2025-04-03 10:08:31 [RabbitMQService] ERROR: Failed to connect to RabbitMQ: getaddrinfo ENOTFOUND rabbitmq 
2025-04-03 10:08:31 [RabbitMQService] ERROR: Failed to connect to RabbitMQ: getaddrinfo ENOTFOUND rabbitmq 
2025-04-03 10:08:31 [RabbitMQService] ERROR: Failed to connect to RabbitMQ: getaddrinfo ENOTFOUND rabbitmq 
2025-04-03 10:08:31 [RabbitMQService] ERROR: Failed to connect to RabbitMQ: getaddrinfo ENOTFOUND rabbitmq 
2025-04-03 10:08:31 [RabbitMQService] ERROR: Failed to connect to RabbitMQ: getaddrinfo ENOTFOUND rabbitmq 
2025-04-03 10:08:31 [RabbitMQService] ERROR: Failed to connect to RabbitMQ: getaddrinfo ENOTFOUND rabbitmq 
2025-04-03 10:08:31 [RabbitMQService] ERROR: Maximum reconnection attempts (10) reached. Giving up. 
2025-04-03 10:08:31 [RabbitMQService] ERROR: Failed to connect to RabbitMQ: getaddrinfo ENOTFOUND rabbitmq 
2025-04-03 10:08:31 [RabbitMQService] ERROR: Maximum reconnection attempts (10) reached. Giving up. 
2025-04-03 10:08:31 [RabbitMQService] ERROR: Failed to connect to RabbitMQ: getaddrinfo ENOTFOUND rabbitmq 
2025-04-03 10:08:31 [RabbitMQService] ERROR: Maximum reconnection attempts (10) reached. Giving up. 
2025-04-03 10:08:31 [RabbitMQService] ERROR: Failed to connect to RabbitMQ: getaddrinfo ENOTFOUND rabbitmq 
2025-04-03 10:08:31 [RabbitMQService] ERROR: Maximum reconnection attempts (10) reached. Giving up. 
2025-04-03 10:08:31 [RabbitMQService] ERROR: Failed to connect to RabbitMQ: getaddrinfo ENOTFOUND rabbitmq 
2025-04-03 10:08:31 [RabbitMQService] ERROR: Maximum reconnection attempts (10) reached. Giving up. 
2025-04-03 10:08:31 [RabbitMQService] ERROR: Failed to connect to RabbitMQ: getaddrinfo ENOTFOUND rabbitmq 
2025-04-03 10:08:31 [RabbitMQService] ERROR: Maximum reconnection attempts (10) reached. Giving up. 
2025-04-03 10:08:31 [RabbitMQService] ERROR: Failed to connect to RabbitMQ: getaddrinfo ENOTFOUND rabbitmq 
2025-04-03 10:08:31 [RabbitMQService] ERROR: Maximum reconnection attempts (10) reached. Giving up. 
2025-04-03 10:08:31 [RabbitMQService] ERROR: Failed to connect to RabbitMQ: getaddrinfo ENOTFOUND rabbitmq 
2025-04-03 10:08:31 [RabbitMQService] ERROR: Maximum reconnection attempts (10) reached. Giving up. 
2025-04-03 10:08:31 [RabbitMQService] ERROR: Failed to connect to RabbitMQ: getaddrinfo ENOTFOUND rabbitmq 
2025-04-03 10:08:31 [RabbitMQService] ERROR: Maximum reconnection attempts (10) reached. Giving up. 
2025-04-03 10:08:31 [RabbitMQService] ERROR: Failed to connect to RabbitMQ: getaddrinfo ENOTFOUND rabbitmq 
2025-04-03 10:08:31 [RabbitMQService] ERROR: Maximum reconnection attempts (10) reached. Giving up. 
2025-04-03 10:08:31 [RabbitMQService] ERROR: Failed to connect to RabbitMQ: getaddrinfo ENOTFOUND rabbitmq 
2025-04-03 10:08:31 [RabbitMQService] ERROR: Maximum reconnection attempts (10) reached. Giving up. 
2025-04-03 10:08:31 [RabbitMQService] ERROR: Failed to connect to RabbitMQ: getaddrinfo ENOTFOUND rabbitmq 
2025-04-03 10:08:31 [RabbitMQService] ERROR: Maximum reconnection attempts (10) reached. Giving up. 
2025-04-03 10:08:31 [RabbitMQService] ERROR: Failed to connect to RabbitMQ: getaddrinfo ENOTFOUND rabbitmq 
2025-04-03 10:08:31 [RabbitMQService] ERROR: Maximum reconnection attempts (10) reached. Giving up. 
2025-04-03 10:08:31 [RabbitMQService] ERROR: Failed to connect to RabbitMQ: getaddrinfo ENOTFOUND rabbitmq 
2025-04-03 10:08:31 [RabbitMQService] ERROR: Maximum reconnection attempts (10) reached. Giving up. 
2025-04-03 10:08:31 [RabbitMQService] ERROR: Failed to connect to RabbitMQ: getaddrinfo ENOTFOUND rabbitmq 
2025-04-03 10:08:31 [RabbitMQService] ERROR: Maximum reconnection attempts (10) reached. Giving up. 
2025-04-03 10:08:31 [RabbitMQService] ERROR: Failed to connect to RabbitMQ: getaddrinfo ENOTFOUND rabbitmq 
2025-04-03 10:08:31 [RabbitMQService] ERROR: Maximum reconnection attempts (10) reached. Giving up. 
2025-04-03 10:08:31 [RabbitMQService] ERROR: Failed to connect to RabbitMQ: getaddrinfo ENOTFOUND rabbitmq 
2025-04-03 10:08:31 [RabbitMQService] ERROR: Maximum reconnection attempts (10) reached. Giving up. 
2025-04-03 10:08:31 [RabbitMQService] ERROR: Failed to connect to RabbitMQ: getaddrinfo ENOTFOUND rabbitmq 
2025-04-03 10:08:31 [RabbitMQService] ERROR: Maximum reconnection attempts (10) reached. Giving up. 
2025-04-03 10:08:31 [RabbitMQService] ERROR: Failed to connect to RabbitMQ: getaddrinfo ENOTFOUND rabbitmq 
2025-04-03 10:08:31 [RabbitMQService] ERROR: Maximum reconnection attempts (10) reached. Giving up. 
2025-04-03 10:08:31 [RabbitMQService] ERROR: Failed to connect to RabbitMQ: getaddrinfo ENOTFOUND rabbitmq 
2025-04-03 10:08:31 [RabbitMQService] ERROR: Maximum reconnection attempts (10) reached. Giving up. 
2025-04-03 10:08:31 [RabbitMQService] ERROR: Failed to connect to RabbitMQ: getaddrinfo ENOTFOUND rabbitmq 
2025-04-03 10:08:31 [RabbitMQService] ERROR: Maximum reconnection attempts (10) reached. Giving up. 
2025-04-03 10:08:31 [RabbitMQService] ERROR: Failed to connect to RabbitMQ: getaddrinfo ENOTFOUND rabbitmq 
2025-04-03 10:08:31 [RabbitMQService] ERROR: Maximum reconnection attempts (10) reached. Giving up. 
2025-04-03 10:45:54 [StrapiSyncService] ERROR: Error creating course in Strapi: Request failed with status code 403 
2025-04-02 23:45:54 [StrapiSyncService] ERROR: Error creating course in Strapi: connect ECONNREFUSED ::1:1337 
2025-04-02 23:45:54 [StrapiConsumerService] ERROR: Error processing CREATE_COURSE request: connect ECONNREFUSED ::1:1337 
2025-04-03 10:46:24 [RequestResponseService] ERROR: Request with correlationId 37170a55-4fb1-49cc-8417-b8495b815083 timed out after 30000ms 
2025-04-03 10:46:25 [StrapiSyncService] ERROR: Error creating course in Strapi: Request failed with status code 403 
2025-04-03 10:46:25 [StrapiConsumerService] ERROR: Error processing CREATE_COURSE request: Request failed with status code 403 
2025-04-03 10:46:25 [RequestResponseService] ERROR: Operation CREATE_COURSE failed for correlationId: 21155eae-efe3-4ff9-a5e5-07c174df9c3c: Request failed with status code 403 
2025-04-03 10:46:58 [RequestResponseService] ERROR: Request with correlationId 1defd599-a113-4c88-a6a0-d7c2011071a5 timed out after 30000ms 
2025-04-03 10:46:58 [CourseController] ERROR: Failed to create course in Strapi: Request timed out after 30000ms 
2025-04-03 10:46:58 [RetryUtility] ERROR: All retry attempts failed (3/3) 
